Removing network fiest2021_webchall_backend
Network fiest2021_webchall_backend not found.
No stopped containers
Building db
Step 1/1 : FROM mysql:5.7
 ---> 6c20ffa54f86
Successfully built 6c20ffa54f86
Successfully tagged fiest2021_webchall_db:latest
Building internal_server
Step 1/13 : FROM ubuntu:latest
 ---> 1318b700e415
Step 2/13 : WORKDIR /app/int_app
 ---> Using cache
 ---> e1a9aec89092
Step 3/13 : ARG DEBIAN_FRONTEND=noninteractive
 ---> Using cache
 ---> 01002b222a93
Step 4/13 : ENV TZ=Asia/Seoul
 ---> Using cache
 ---> 5e10259dc1fb
Step 5/13 : RUN apt-get update -y
 ---> Using cache
 ---> e4e4f8a4b521
Step 6/13 : RUN apt-get install -y python3-pip python3-dev build-essential libcurl4-openssl-dev libssl-dev
 ---> Using cache
 ---> 4ebbf7bffa01
Step 7/13 : RUN apt-get install -y net-tools procps wget systemd
 ---> Using cache
 ---> 164fef84ab12
Step 8/13 : RUN python3 -m pip install pymysql cryptography
 ---> Using cache
 ---> 78f15dee68a0
Step 9/13 : RUN groupadd -g 999 user
 ---> Using cache
 ---> ce2f0df38860
Step 10/13 : RUN useradd -r -u 999 -g user user
 ---> Using cache
 ---> b00a4a80e514
Step 11/13 : USER user
 ---> Using cache
 ---> e7d6616a65ab
Step 12/13 : ENTRYPOINT /app/entrypoint.sh && /bin/bash
 ---> Using cache
 ---> fd2ecdb7b036
Step 13/13 : CMD ["true"]
 ---> Using cache
 ---> 1fd028a38222
Successfully built 1fd028a38222
Successfully tagged fiest2021_webchall_internal_server:latest
Building external_server
Step 1/11 : FROM ubuntu:latest
 ---> 1318b700e415
Step 2/11 : WORKDIR /app/ext_app
 ---> Using cache
 ---> 6dccef6612f5
Step 3/11 : RUN apt-get update -y
 ---> Using cache
 ---> 194bc1d03074
Step 4/11 : RUN apt-get install -y python3-pip python3-dev build-essential
 ---> Using cache
 ---> 2577d29d57e5
Step 5/11 : RUN apt-get install -y net-tools procps
 ---> Using cache
 ---> d059e986cd59
Step 6/11 : RUN python3 -m pip install flask flask_socketio simple_websocket
 ---> Using cache
 ---> fa8c31c36cf0
Step 7/11 : RUN groupadd -g 999 user
 ---> Using cache
 ---> 0ede732a4855
Step 8/11 : RUN useradd -r -u 999 -g user user
 ---> Using cache
 ---> a8b296e57525
Step 9/11 : USER user
 ---> Using cache
 ---> 5158173a6ea2
Step 10/11 : ENTRYPOINT /app/entrypoint.sh && /bin/bash
 ---> Using cache
 ---> a39f1fc4c3d6
Step 11/11 : CMD ["true"]
 ---> Using cache
 ---> f3b40e7beb35
Successfully built f3b40e7beb35
Successfully tagged fiest2021_webchall_external_server:latest
Creating network "fiest2021_webchall_backend" with driver "bridge"
Creating mysql-db ... 
[1A[2KCreating mysql-db ... [32mdone[0m[1BCreating internal-server ... 
[1A[2KCreating internal-server ... [32mdone[0m[1BCreating external-server ... 
[1A[2KCreating external-server ... [32mdone[0m[1BDeleted Volumes:
72bc5d6afe3e7f1a7376006e4ba099cc9b3d5f35467c6f61965e35e0d3156c16

Total reclaimed space: 207.4MB
Wed Aug 25 22:11:25 KST 2021
Terminated
Removing network fiest2021_webchall_backend
Network fiest2021_webchall_backend not found.
No stopped containers
Building db
Step 1/1 : FROM mysql:5.7
 ---> 6c20ffa54f86
Successfully built 6c20ffa54f86
Successfully tagged fiest2021_webchall_db:latest
Building internal_server
Step 1/13 : FROM ubuntu:latest
 ---> 1318b700e415
Step 2/13 : WORKDIR /app/int_app
 ---> Using cache
 ---> e1a9aec89092
Step 3/13 : ARG DEBIAN_FRONTEND=noninteractive
 ---> Using cache
 ---> 01002b222a93
Step 4/13 : ENV TZ=Asia/Seoul
 ---> Using cache
 ---> 5e10259dc1fb
Step 5/13 : RUN apt-get update -y
 ---> Using cache
 ---> e4e4f8a4b521
Step 6/13 : RUN apt-get install -y python3-pip python3-dev build-essential libcurl4-openssl-dev libssl-dev
 ---> Using cache
 ---> 4ebbf7bffa01
Step 7/13 : RUN apt-get install -y net-tools procps wget systemd
 ---> Using cache
 ---> 164fef84ab12
Step 8/13 : RUN python3 -m pip install pymysql cryptography
 ---> Using cache
 ---> 78f15dee68a0
Step 9/13 : RUN groupadd -g 999 user
 ---> Using cache
 ---> ce2f0df38860
Step 10/13 : RUN useradd -r -u 999 -g user user
 ---> Using cache
 ---> b00a4a80e514
Step 11/13 : USER user
 ---> Using cache
 ---> e7d6616a65ab
Step 12/13 : ENTRYPOINT /app/entrypoint.sh && /bin/bash
 ---> Using cache
 ---> fd2ecdb7b036
Step 13/13 : CMD ["true"]
 ---> Using cache
 ---> 1fd028a38222
Successfully built 1fd028a38222
Successfully tagged fiest2021_webchall_internal_server:latest
Building external_server
Step 1/11 : FROM ubuntu:latest
 ---> 1318b700e415
Step 2/11 : WORKDIR /app/ext_app
 ---> Using cache
 ---> 6dccef6612f5
Step 3/11 : RUN apt-get update -y
 ---> Using cache
 ---> 194bc1d03074
Step 4/11 : RUN apt-get install -y python3-pip python3-dev build-essential
 ---> Using cache
 ---> 2577d29d57e5
Step 5/11 : RUN apt-get install -y net-tools procps
 ---> Using cache
 ---> d059e986cd59
Step 6/11 : RUN python3 -m pip install flask flask_socketio simple_websocket
 ---> Using cache
 ---> fa8c31c36cf0
Step 7/11 : RUN groupadd -g 999 user
 ---> Using cache
 ---> 0ede732a4855
Step 8/11 : RUN useradd -r -u 999 -g user user
 ---> Using cache
 ---> a8b296e57525
Step 9/11 : USER user
 ---> Using cache
 ---> 5158173a6ea2
Step 10/11 : ENTRYPOINT /app/entrypoint.sh && /bin/bash
 ---> Using cache
 ---> a39f1fc4c3d6
Step 11/11 : CMD ["true"]
 ---> Using cache
 ---> f3b40e7beb35
Successfully built f3b40e7beb35
Successfully tagged fiest2021_webchall_external_server:latest
Creating network "fiest2021_webchall_backend" with driver "bridge"
Creating mysql-db ... 
[1A[2KCreating mysql-db ... [32mdone[0m[1BCreating internal-server ... 
[1A[2KCreating internal-server ... [32mdone[0m[1BCreating external-server ... 
[1A[2KCreating external-server ... [32mdone[0m[1BDeleted Volumes:
a2f1710e86180e7e8118761c1eafc59d2678b6744d115eebedd703e3ef2f0f8f

Total reclaimed space: 207.4MB
Wed Aug 25 22:31:48 KST 2021
